<?xml version="1.0" encoding="UTF-8"?>
<testng-results skipped="0" failed="0" ignored="0" total="2" passed="2">
  <reporter-output>
  </reporter-output>
  <suite name="Suite" duration-ms="51044" started-at="2018-07-23T17:21:12Z" finished-at="2018-07-23T17:22:03Z">
    <groups>
    </groups>
    <test name="Test" duration-ms="51044" started-at="2018-07-23T17:21:12Z" finished-at="2018-07-23T17:22:03Z">
      <class name="test.tst_004">
        <test-method status="PASS" signature="setUp()[pri:0, instance:test.tst_004@3bfdc050]" name="setUp" is-config="true" duration-ms="13014" started-at="2018-07-23T14:21:37Z" finished-at="2018-07-23T14:21:50Z">
          <reporter-output>
          </reporter-output>
        </test-method> <!-- setUp -->
        <test-method status="PASS" signature="Test_004()[pri:0, instance:test.tst_004@3bfdc050]" name="Test_004" duration-ms="12241" started-at="2018-07-23T14:21:50Z" finished-at="2018-07-23T14:22:03Z">
          <reporter-output>
          </reporter-output>
        </test-method> <!-- Test_004 -->
        <test-method status="PASS" signature="tearDown()[pri:0, instance:test.tst_004@3bfdc050]" name="tearDown" is-config="true" duration-ms="405" started-at="2018-07-23T14:22:03Z" finished-at="2018-07-23T14:22:03Z">
          <reporter-output>
          </reporter-output>
        </test-method> <!-- tearDown -->
      </class> <!-- test.tst_004 -->
      <class name="test.tst_005">
        <test-method status="PASS" signature="setUp()[pri:0, instance:test.tst_005@77caeb3e]" name="setUp" is-config="true" duration-ms="15571" started-at="2018-07-23T14:21:12Z" finished-at="2018-07-23T14:21:28Z">
          <reporter-output>
          </reporter-output>
        </test-method> <!-- setUp -->
        <test-method status="PASS" signature="Test_005()[pri:0, instance:test.tst_005@77caeb3e]" name="Test_005" duration-ms="8998" started-at="2018-07-23T14:21:28Z" finished-at="2018-07-23T14:21:37Z">
          <reporter-output>
          </reporter-output>
        </test-method> <!-- Test_005 -->
        <test-method status="PASS" signature="tearDown()[pri:0, instance:test.tst_005@77caeb3e]" name="tearDown" is-config="true" duration-ms="687" started-at="2018-07-23T14:21:37Z" finished-at="2018-07-23T14:21:37Z">
          <reporter-output>
          </reporter-output>
        </test-method> <!-- tearDown -->
      </class> <!-- test.tst_005 -->
    </test> <!-- Test -->
  </suite> <!-- Suite -->
</testng-results>
